<?xml version="1.0" encoding="UTF-8"?>
<!-- Generated by org.testng.reporters.JUnitReportReporter -->
<testsuite hostname="Kiran" failures="0" tests="4" name="api.test.UserTests" time="12.115" errors="0" timestamp="2024-10-31T18:59:26 IST" skipped="0">
  <testcase classname="api.test.UserTests" name="testPostUser" time="5.317"/>
  <system-out/>
  <testcase classname="api.test.UserTests" name="testGetUserByName" time="1.437"/>
  <system-out/>
  <testcase classname="api.test.UserTests" name="testUpdateUserByName" time="4.018"/>
  <system-out/>
  <testcase classname="api.test.UserTests" name="testDeleteUserByName" time="1.343"/>
  <system-out/>
</testsuite> <!-- api.test.UserTests -->
