<?xml version="1.0" encoding="UTF-8"?>
<!-- Generated by org.testng.reporters.JUnitReportReporter -->
<testsuite hostname="Kiran" failures="0" tests="4" name="api.test.UserTests" time="10.795" errors="0" timestamp="2024-11-01T16:54:40 IST" skipped="0">
  <testcase classname="api.test.UserTests" name="testPostUser" time="4.868"/>
  <system-out/>
  <testcase classname="api.test.UserTests" name="testGetUserByName" time="1.400"/>
  <system-out/>
  <testcase classname="api.test.UserTests" name="testUpdateUserByName" time="3.113"/>
  <system-out/>
  <testcase classname="api.test.UserTests" name="testDeleteUserByName" time="1.414"/>
  <system-out/>
</testsuite> <!-- api.test.UserTests -->
