<?xml version="1.0" encoding="UTF-8"?>
<!-- Generated by org.testng.reporters.JUnitReportReporter -->
<testsuite hostname="Kiran" failures="0" tests="6" name="api.test.DataDrivenTests" time="19.532" errors="0" timestamp="2024-10-31T13:30:37 IST" skipped="0">
  <testcase classname="api.test.DataDrivenTests" name="testPostUser" time="4.324"/>
  <system-out/>
  <testcase classname="api.test.DataDrivenTests" name="testPostUser" time="2.425"/>
  <system-out/>
  <testcase classname="api.test.DataDrivenTests" name="testPostUser" time="7.062"/>
  <system-out/>
  <testcase classname="api.test.DataDrivenTests" name="testDeleteUserByName" time="1.249"/>
  <system-out/>
  <testcase classname="api.test.DataDrivenTests" name="testDeleteUserByName" time="1.236"/>
  <system-out/>
  <testcase classname="api.test.DataDrivenTests" name="testDeleteUserByName" time="3.236"/>
  <system-out/>
</testsuite> <!-- api.test.DataDrivenTests -->
