<?xml version="1.0" encoding="UTF-8"?>
<!-- Generated by org.testng.reporters.JUnitReportReporter -->
<testsuite hostname="Kiran" failures="0" tests="4" name="api.test.UserTests" time="12.137" errors="0" timestamp="2024-10-31T19:56:04 IST" skipped="0">
  <testcase classname="api.test.UserTests" name="testPostUser" time="4.658"/>
  <system-out/>
  <testcase classname="api.test.UserTests" name="testGetUserByName" time="1.951"/>
  <system-out/>
  <testcase classname="api.test.UserTests" name="testUpdateUserByName" time="4.270"/>
  <system-out/>
  <testcase classname="api.test.UserTests" name="testDeleteUserByName" time="1.258"/>
  <system-out/>
</testsuite> <!-- api.test.UserTests -->
