<?xml version="1.0" encoding="UTF-8"?>
<!-- Generated by org.testng.reporters.JUnitReportReporter -->
<testsuite hostname="Kiran" failures="0" tests="4" name="api.test.UserTests" time="10.471" errors="0" timestamp="2024-11-01T16:56:57 IST" skipped="0">
  <testcase classname="api.test.UserTests" name="testPostUser" time="4.501"/>
  <system-out/>
  <testcase classname="api.test.UserTests" name="testGetUserByName" time="1.395"/>
  <system-out/>
  <testcase classname="api.test.UserTests" name="testUpdateUserByName" time="3.193"/>
  <system-out/>
  <testcase classname="api.test.UserTests" name="testDeleteUserByName" time="1.382"/>
  <system-out/>
</testsuite> <!-- api.test.UserTests -->
